{
  "RSpec": {
    "coverage": {
      "/Users/irinabaldwin/Dropbox/Projects/MakersBNB/spec/setup_test_database.rb": [
        1,
        null,
        1,
        null,
        4,
        4,
        4,
        4,
        null
      ],
      "/Users/irinabaldwin/Dropbox/Projects/MakersBNB/spec/features/index_spec.rb": [
        1,
        1,
        1,
        1,
        null,
        null
      ],
      "/Users/irinabaldwin/Dropbox/Projects/MakersBNB/spec/units/database_connection_spec.rb": [
        1,
        null,
        1,
        1,
        1,
        1,
        1,
        null,
        null,
        null,
        1,
        1,
        null,
        1,
        2,
        null,
        null,
        1,
        1,
        null,
        null,
        1,
        1,
        1,
        1,
        1,
        null,
        null
      ],
      "/Users/Joel/Makers/week6/MakersBNB/spec/features/sign_up_spec.rb": [
        1,
        1,
        1,
        null,
        null,
        1,
        1,
        null,
        null,
        null,
        1,
        1,
        1,
        1,
        1,
        null,
        null,
        null
      ],
      "/Users/irinabaldwin/Dropbox/Projects/MakersBNB/lib/database_connection.rb": [
        1,
        null,
        1,
        3,
        null,
        null,
        1,
        1,
        null,
        null,
        1,
        1,
        null,
        null,
        null
      ]
    },
    "timestamp": 1541425803
  }
}
