{
  "RSpec": {
    "coverage": {
      "/Users/Joel/Makers/week6/MakersBNB/spec/setup_test_database.rb": [
        1,
        null,
        1,
        null,
        8,
        8,
        8,
        8,
        null
      ],
      "/Users/Joel/Makers/week6/MakersBNB/spec/features/index_spec.rb": [
        1,
        null,
        1,
        2,
        null,
        null,
        1,
        1,
        null,
        null,
        1,
        1,
        1,
        1,
        1,
        null,
        null
      ],
      "/Users/Joel/Makers/week6/MakersBNB/spec/features/sign_up_spec.rb": [
        1,
        1,
        1,
        null,
        null,
        1,
        1,
        1,
        null,
        null
      ],
      "/Users/Joel/Makers/week6/MakersBNB/spec/units/database_connection_spec.rb": [
        1,
        null,
        1,
        1,
        1,
        1,
        1,
        null,
        null,
        null,
        1,
        1,
        1,
        1,
        null,
        null,
        null,
        1,
        1,
        1,
        1,
        1,
        null,
        null,
        null
      ],
      "/Users/Joel/Makers/week6/MakersBNB/spec/units/user_spec.rb": [
        1,
        null,
        1,
        null,
        3,
        null,
        1,
        2,
        null,
        null,
        1,
        1,
        1,
        1,
        1,
        1,
        1,
        null,
        null,
        null,
        1,
        1,
        1,
        1,
        1,
        1,
        1,
        null,
        null,
        null
      ]
    },
    "timestamp": 1541430055
  }
}
